<?xml version="1.0" encoding="UTF-8"?>
<!-- Generated by org.testng.reporters.JUnitXMLReporter -->
<testsuite ignored="1" hostname="SOOMIN-SAC-217" failures="0" tests="1" name="Default test" time="2.406" errors="0" timestamp="28 Sep 2022 18:57:20 GMT">
  <testcase classname="customersitetesting.customerlogintest" name="NegativeTest" time="0.32"/>
  <testcase classname="customersitetesting.customerlogintest" name="PositiveTest" time="0.0">
    <ignored/>
  </testcase> <!-- PositiveTest -->
</testsuite> <!-- Default test -->
