<?xml version="1.0" encoding="UTF-8"?>
<!-- Generated by org.testng.reporters.JUnitXMLReporter -->
<testsuite ignored="0" hostname="SOOMIN-SAC-217" failures="0" tests="4" name="Test" time="9.237" errors="0" timestamp="29 Sep 2022 14:57:39 GMT">
  <testcase classname="customersitetesting.customerlogintest" name="NegativeTest" time="0.343"/>
  <testcase classname="customersitetesting.customerlogintest" name="PositiveTest" time="0.393"/>
  <testcase classname="adminsitetesting.adminlogintest" name="NegativeTest" time="0.485"/>
  <testcase classname="adminsitetesting.adminlogintest" name="PositiveTest" time="0.372"/>
</testsuite> <!-- Test -->
