<?xml version="1.0" encoding="UTF-8"?>
<!-- Generated by org.testng.reporters.JUnitXMLReporter -->
<testsuite ignored="0" hostname="SOOMIN-SAC-217" failures="0" tests="4" name="Test" time="8.469" errors="0" timestamp="28 Sep 2022 18:58:57 GMT">
  <testcase classname="customersitetesting.customerlogintest" name="NegativeTest" time="0.335"/>
  <testcase classname="customersitetesting.customerlogintest" name="PositiveTest" time="0.473"/>
  <testcase classname="adminsitetesting.adminlogintest" name="NegativeTest" time="0.332"/>
  <testcase classname="adminsitetesting.adminlogintest" name="PositiveTest" time="0.468"/>
</testsuite> <!-- Test -->
