<?xml version="1.0" encoding="UTF-8"?>
<testng-results ignored="0" total="4" passed="4" failed="0" skipped="0">
  <reporter-output>
  </reporter-output>
  <suite started-at="2022-09-29T14:57:30Z" name="Suite" finished-at="2022-09-29T14:57:39Z" duration-ms="9237">
    <groups>
    </groups>
    <test started-at="2022-09-29T14:57:30Z" name="Test" finished-at="2022-09-29T14:57:39Z" duration-ms="9237">
      <class name="adminsitetesting.adminlogintest">
        <test-method is-config="true" signature="SetUp()[pri:0, instance:adminsitetesting.adminlogintest@19e7a160]" started-at="2022-09-29T14:57:35Z" name="SetUp" finished-at="2022-09-29T14:57:36Z" duration-ms="1554" status="PASS">
          <reporter-output>
          </reporter-output>
        </test-method> <!-- SetUp -->
        <test-method signature="NegativeTest()[pri:0, instance:adminsitetesting.adminlogintest@19e7a160]" started-at="2022-09-29T14:57:36Z" name="NegativeTest" finished-at="2022-09-29T14:57:37Z" duration-ms="485" status="PASS">
          <reporter-output>
          </reporter-output>
        </test-method> <!-- NegativeTest -->
        <test-method is-config="true" signature="TearDown()[pri:0, instance:adminsitetesting.adminlogintest@19e7a160]" started-at="2022-09-29T14:57:37Z" name="TearDown" finished-at="2022-09-29T14:57:37Z" duration-ms="191" status="PASS">
          <reporter-output>
          </reporter-output>
        </test-method> <!-- TearDown -->
        <test-method is-config="true" signature="SetUp()[pri:0, instance:adminsitetesting.adminlogintest@19e7a160]" started-at="2022-09-29T14:57:37Z" name="SetUp" finished-at="2022-09-29T14:57:39Z" duration-ms="1745" status="PASS">
          <reporter-output>
          </reporter-output>
        </test-method> <!-- SetUp -->
        <test-method signature="PositiveTest()[pri:0, instance:adminsitetesting.adminlogintest@19e7a160]" started-at="2022-09-29T14:57:39Z" name="PositiveTest" finished-at="2022-09-29T14:57:39Z" duration-ms="372" status="PASS">
          <reporter-output>
          </reporter-output>
        </test-method> <!-- PositiveTest -->
        <test-method is-config="true" signature="TearDown()[pri:0, instance:adminsitetesting.adminlogintest@19e7a160]" started-at="2022-09-29T14:57:39Z" name="TearDown" finished-at="2022-09-29T14:57:39Z" duration-ms="142" status="PASS">
          <reporter-output>
          </reporter-output>
        </test-method> <!-- TearDown -->
      </class> <!-- adminsitetesting.adminlogintest -->
      <class name="customersitetesting.customerlogintest">
        <test-method is-config="true" signature="SetUp()[pri:0, instance:customersitetesting.customerlogintest@7674b62c]" started-at="2022-09-29T14:57:30Z" name="SetUp" finished-at="2022-09-29T14:57:32Z" duration-ms="2524" status="PASS">
          <reporter-output>
          </reporter-output>
        </test-method> <!-- SetUp -->
        <test-method signature="NegativeTest()[pri:0, instance:customersitetesting.customerlogintest@7674b62c]" started-at="2022-09-29T14:57:32Z" name="NegativeTest" finished-at="2022-09-29T14:57:33Z" duration-ms="343" status="PASS">
          <reporter-output>
          </reporter-output>
        </test-method> <!-- NegativeTest -->
        <test-method is-config="true" signature="SetUp()[pri:0, instance:customersitetesting.customerlogintest@7674b62c]" started-at="2022-09-29T14:57:33Z" name="SetUp" finished-at="2022-09-29T14:57:34Z" duration-ms="1462" status="PASS">
          <reporter-output>
          </reporter-output>
        </test-method> <!-- SetUp -->
        <test-method is-config="true" signature="TearDown()[pri:0, instance:customersitetesting.customerlogintest@7674b62c]" started-at="2022-09-29T14:57:33Z" name="TearDown" finished-at="2022-09-29T14:57:33Z" duration-ms="0" status="PASS">
          <reporter-output>
          </reporter-output>
        </test-method> <!-- TearDown -->
        <test-method signature="PositiveTest()[pri:0, instance:customersitetesting.customerlogintest@7674b62c]" started-at="2022-09-29T14:57:34Z" name="PositiveTest" finished-at="2022-09-29T14:57:35Z" duration-ms="393" status="PASS">
          <reporter-output>
          </reporter-output>
        </test-method> <!-- PositiveTest -->
        <test-method is-config="true" signature="TearDown()[pri:0, instance:customersitetesting.customerlogintest@7674b62c]" started-at="2022-09-29T14:57:35Z" name="TearDown" finished-at="2022-09-29T14:57:35Z" duration-ms="0" status="PASS">
          <reporter-output>
          </reporter-output>
        </test-method> <!-- TearDown -->
      </class> <!-- customersitetesting.customerlogintest -->
    </test> <!-- Test -->
  </suite> <!-- Suite -->
</testng-results>
