<?xml version="1.0" encoding="UTF-8"?>
<testng-results ignored="0" total="4" passed="4" failed="0" skipped="0">
  <reporter-output>
  </reporter-output>
  <suite started-at="2022-09-28T18:58:49Z" name="Suite" finished-at="2022-09-28T18:58:57Z" duration-ms="8469">
    <groups>
    </groups>
    <test started-at="2022-09-28T18:58:49Z" name="Test" finished-at="2022-09-28T18:58:57Z" duration-ms="8469">
      <class name="adminsitetesting.adminlogintest">
        <test-method is-config="true" signature="SetUp()[pri:0, instance:adminsitetesting.adminlogintest@420a85c4]" started-at="2022-09-28T18:58:53Z" name="SetUp" finished-at="2022-09-28T18:58:55Z" duration-ms="1652" status="PASS">
          <reporter-output>
          </reporter-output>
        </test-method> <!-- SetUp -->
        <test-method signature="NegativeTest()[pri:0, instance:adminsitetesting.adminlogintest@420a85c4]" started-at="2022-09-28T18:58:55Z" name="NegativeTest" finished-at="2022-09-28T18:58:55Z" duration-ms="332" status="PASS">
          <reporter-output>
          </reporter-output>
        </test-method> <!-- NegativeTest -->
        <test-method is-config="true" signature="SetUp()[pri:0, instance:adminsitetesting.adminlogintest@420a85c4]" started-at="2022-09-28T18:58:55Z" name="SetUp" finished-at="2022-09-28T18:58:57Z" duration-ms="1742" status="PASS">
          <reporter-output>
          </reporter-output>
        </test-method> <!-- SetUp -->
        <test-method is-config="true" signature="TearDown()[pri:0, instance:adminsitetesting.adminlogintest@420a85c4]" started-at="2022-09-28T18:58:55Z" name="TearDown" finished-at="2022-09-28T18:58:55Z" duration-ms="0" status="PASS">
          <reporter-output>
          </reporter-output>
        </test-method> <!-- TearDown -->
        <test-method signature="PositiveTest()[pri:0, instance:adminsitetesting.adminlogintest@420a85c4]" started-at="2022-09-28T18:58:57Z" name="PositiveTest" finished-at="2022-09-28T18:58:57Z" duration-ms="468" status="PASS">
          <reporter-output>
          </reporter-output>
        </test-method> <!-- PositiveTest -->
        <test-method is-config="true" signature="TearDown()[pri:0, instance:adminsitetesting.adminlogintest@420a85c4]" started-at="2022-09-28T18:58:57Z" name="TearDown" finished-at="2022-09-28T18:58:57Z" duration-ms="0" status="PASS">
          <reporter-output>
          </reporter-output>
        </test-method> <!-- TearDown -->
      </class> <!-- adminsitetesting.adminlogintest -->
      <class name="customersitetesting.customerlogintest">
        <test-method is-config="true" signature="SetUp()[pri:0, instance:customersitetesting.customerlogintest@4bf48f6]" started-at="2022-09-28T18:58:49Z" name="SetUp" finished-at="2022-09-28T18:58:51Z" duration-ms="1950" status="PASS">
          <reporter-output>
          </reporter-output>
        </test-method> <!-- SetUp -->
        <test-method signature="NegativeTest()[pri:0, instance:customersitetesting.customerlogintest@4bf48f6]" started-at="2022-09-28T18:58:51Z" name="NegativeTest" finished-at="2022-09-28T18:58:51Z" duration-ms="335" status="PASS">
          <reporter-output>
          </reporter-output>
        </test-method> <!-- NegativeTest -->
        <test-method is-config="true" signature="TearDown()[pri:0, instance:customersitetesting.customerlogintest@4bf48f6]" started-at="2022-09-28T18:58:51Z" name="TearDown" finished-at="2022-09-28T18:58:51Z" duration-ms="1" status="PASS">
          <reporter-output>
          </reporter-output>
        </test-method> <!-- TearDown -->
        <test-method is-config="true" signature="SetUp()[pri:0, instance:customersitetesting.customerlogintest@4bf48f6]" started-at="2022-09-28T18:58:51Z" name="SetUp" finished-at="2022-09-28T18:58:53Z" duration-ms="1478" status="PASS">
          <reporter-output>
          </reporter-output>
        </test-method> <!-- SetUp -->
        <test-method signature="PositiveTest()[pri:0, instance:customersitetesting.customerlogintest@4bf48f6]" started-at="2022-09-28T18:58:53Z" name="PositiveTest" finished-at="2022-09-28T18:58:53Z" duration-ms="473" status="PASS">
          <reporter-output>
          </reporter-output>
        </test-method> <!-- PositiveTest -->
        <test-method is-config="true" signature="TearDown()[pri:0, instance:customersitetesting.customerlogintest@4bf48f6]" started-at="2022-09-28T18:58:53Z" name="TearDown" finished-at="2022-09-28T18:58:53Z" duration-ms="0" status="PASS">
          <reporter-output>
          </reporter-output>
        </test-method> <!-- TearDown -->
      </class> <!-- customersitetesting.customerlogintest -->
    </test> <!-- Test -->
  </suite> <!-- Suite -->
</testng-results>
